<?xml version="1.0" encoding="UTF-8"?>
<!-- Generated by org.testng.reporters.JUnitReportReporter -->
<testsuite hostname="Madhu" failures="0" tests="1" name="TestCases.CheckOutPageTest" time="6.361" errors="0" timestamp="2025-03-23T16:11:32 IST" skipped="0">
  <testcase classname="TestCases.CheckOutPageTest" name="CheckOut" time="6.361"/>
</testsuite> <!-- TestCases.CheckOutPageTest -->
