<?xml version="1.0" encoding="UTF-8"?>
<!-- Generated by org.testng.reporters.JUnitReportReporter -->
<testsuite hostname="DESKTOP-OR6JHQ1" failures="0" tests="2" name="MyRunner.LoginStepsRunnerTestng" time="81.765" errors="0" timestamp="2025-03-22T10:38:15 IST" skipped="0">
  <testcase classname="MyRunner.LoginStepsRunnerTestng" name="runScenario" time="33.972"/>
  <testcase classname="MyRunner.LoginStepsRunnerTestng" name="runScenario" time="47.793"/>
</testsuite> <!-- MyRunner.LoginStepsRunnerTestng -->
