<?xml version="1.0" encoding="UTF-8"?>
<!-- Generated by org.testng.reporters.JUnitReportReporter -->
<testsuite hostname="DESKTOP-OR6JHQ1" failures="0" tests="1" name="TestCases.LoginPageTest" time="18.788" errors="0" timestamp="2025-03-20T11:53:46 IST" skipped="0">
  <testcase classname="TestCases.LoginPageTest" name="loginWithRegisteredUser" time="18.788"/>
  <system-out/>
</testsuite> <!-- TestCases.LoginPageTest -->
