<?xml version="1.0" encoding="UTF-8"?>
<!-- Generated by org.testng.reporters.JUnitReportReporter -->
<testsuite hostname="Madhu" failures="0" tests="1" name="TestCases.RegisterPageTest" time="19.663" errors="0" timestamp="2025-03-23T16:11:32 IST" skipped="0">
  <testcase classname="TestCases.RegisterPageTest" name="registerNewUserUsingRegularPOM" time="19.663"/>
</testsuite> <!-- TestCases.RegisterPageTest -->
