<?xml version="1.0" encoding="UTF-8"?>
<!-- Generated by org.testng.reporters.JUnitReportReporter -->
<testsuite hostname="Madhu" failures="0" tests="2" name="MyRunner.LoginStepsRunnerTestng" time="26.586" errors="0" timestamp="2025-03-23T16:11:32 IST" skipped="0">
  <testcase classname="MyRunner.LoginStepsRunnerTestng" name="runScenario" time="12.878"/>
  <testcase classname="MyRunner.LoginStepsRunnerTestng" name="runScenario" time="13.708"/>
</testsuite> <!-- MyRunner.LoginStepsRunnerTestng -->
