<?xml version="1.0" encoding="UTF-8"?>
<!-- Generated by org.testng.reporters.JUnitReportReporter -->
<testsuite hostname="Madhu" failures="0" tests="3" name="TestCases.AddToCartPageTest" time="20.727" errors="0" timestamp="2025-03-23T16:11:32 IST" skipped="0">
  <testcase classname="TestCases.AddToCartPageTest" name="addBirdToCartAndReturnHome" time="7.037"/>
  <testcase classname="TestCases.AddToCartPageTest" name="addCatToCartAndReturnHome" time="7.023"/>
  <testcase classname="TestCases.AddToCartPageTest" name="addDogToCartAndReturnHome" time="6.667"/>
</testsuite> <!-- TestCases.AddToCartPageTest -->
